{"/Users/kevinoane/Desktop/portfolio/Infraspekt/backend/src/server.js": {"path":"/Users/kevinoane/Desktop/portfolio/Infraspekt/backend/src/server.js","statementMap":{"0":{"start":{"line":2,"column":16},"end":{"line":2,"column":34}},"1":{"start":{"line":3,"column":13},"end":{"line":3,"column":28}},"2":{"start":{"line":4,"column":21},"end":{"line":4,"column":47}},"3":{"start":{"line":5,"column":20},"end":{"line":5,"column":54}},"4":{"start":{"line":7,"column":12},"end":{"line":7,"column":21}},"5":{"start":{"line":8,"column":13},"end":{"line":8,"column":37}},"6":{"start":{"line":10,"column":0},"end":{"line":10,"column":16}},"7":{"start":{"line":11,"column":0},"end":{"line":11,"column":24}},"8":{"start":{"line":13,"column":0},"end":{"line":13,"column":33}},"9":{"start":{"line":14,"column":0},"end":{"line":14,"column":44}},"10":{"start":{"line":17,"column":0},"end":{"line":17,"column":69}},"11":{"start":{"line":17,"column":23},"end":{"line":17,"column":67}},"12":{"start":{"line":19,"column":0},"end":{"line":21,"column":1}},"13":{"start":{"line":20,"column":2},"end":{"line":20,"column":84}},"14":{"start":{"line":20,"column":25},"end":{"line":20,"column":82}},"15":{"start":{"line":23,"column":0},"end":{"line":23,"column":21}}},"fnMap":{"0":{"name":"(anonymous_0)","decl":{"start":{"line":17,"column":8},"end":{"line":17,"column":9}},"loc":{"start":{"line":17,"column":23},"end":{"line":17,"column":67}},"line":17},"1":{"name":"(anonymous_1)","decl":{"start":{"line":20,"column":19},"end":{"line":20,"column":20}},"loc":{"start":{"line":20,"column":25},"end":{"line":20,"column":82}},"line":20}},"branchMap":{"0":{"loc":{"start":{"line":8,"column":13},"end":{"line":8,"column":37}},"type":"binary-expr","locations":[{"start":{"line":8,"column":13},"end":{"line":8,"column":29}},{"start":{"line":8,"column":33},"end":{"line":8,"column":37}}],"line":8},"1":{"loc":{"start":{"line":19,"column":0},"end":{"line":21,"column":1}},"type":"if","locations":[{"start":{"line":19,"column":0},"end":{"line":21,"column":1}},{"start":{},"end":{}}],"line":19}},"s":{"0":2,"1":2,"2":2,"3":2,"4":2,"5":2,"6":2,"7":2,"8":2,"9":2,"10":2,"11":1,"12":2,"13":0,"14":0,"15":2},"f":{"0":1,"1":0},"b":{"0":[2,2],"1":[0,2]},"_coverageSchema":"1a1c01bbd47fc00a2c39e90264f33305004495a9","hash":"70e86e4e65e0fb5a6fa950606aa700a83c57e504"}
,"/Users/kevinoane/Desktop/portfolio/Infraspekt/backend/src/routes/health.js": {"path":"/Users/kevinoane/Desktop/portfolio/Infraspekt/backend/src/routes/health.js","statementMap":{"0":{"start":{"line":2,"column":19},"end":{"line":2,"column":37}},"1":{"start":{"line":3,"column":15},"end":{"line":3,"column":23}},"2":{"start":{"line":5,"column":0},"end":{"line":11,"column":3}},"3":{"start":{"line":6,"column":2},"end":{"line":10,"column":5}},"4":{"start":{"line":13,"column":0},"end":{"line":13,"column":24}}},"fnMap":{"0":{"name":"(anonymous_0)","decl":{"start":{"line":5,"column":16},"end":{"line":5,"column":17}},"loc":{"start":{"line":5,"column":31},"end":{"line":11,"column":1}},"line":5}},"branchMap":{},"s":{"0":2,"1":2,"2":2,"3":1,"4":2},"f":{"0":1},"b":{},"_coverageSchema":"1a1c01bbd47fc00a2c39e90264f33305004495a9","hash":"6dcbdbd2258625b2f8784860e47d9e0b9e1b4cf5"}
,"/Users/kevinoane/Desktop/portfolio/Infraspekt/backend/src/routes/infrastructure.js": {"path":"/Users/kevinoane/Desktop/portfolio/Infraspekt/backend/src/routes/infrastructure.js","statementMap":{"0":{"start":{"line":2,"column":19},"end":{"line":2,"column":37}},"1":{"start":{"line":3,"column":21},"end":{"line":3,"column":45}},"2":{"start":{"line":4,"column":15},"end":{"line":4,"column":23}},"3":{"start":{"line":6,"column":0},"end":{"line":15,"column":3}},"4":{"start":{"line":7,"column":2},"end":{"line":14,"column":5}},"5":{"start":{"line":18,"column":0},"end":{"line":26,"column":3}},"6":{"start":{"line":19,"column":2},"end":{"line":25,"column":3}},"7":{"start":{"line":20,"column":16},"end":{"line":20,"column":63}},"8":{"start":{"line":21,"column":68},"end":{"line":21,"column":84}},"9":{"start":{"line":22,"column":4},"end":{"line":22,"column":109}},"10":{"start":{"line":24,"column":4},"end":{"line":24,"column":92}},"11":{"start":{"line":28,"column":0},"end":{"line":28,"column":24}}},"fnMap":{"0":{"name":"(anonymous_0)","decl":{"start":{"line":6,"column":22},"end":{"line":6,"column":23}},"loc":{"start":{"line":6,"column":37},"end":{"line":15,"column":1}},"line":6},"1":{"name":"(anonymous_1)","decl":{"start":{"line":18,"column":20},"end":{"line":18,"column":21}},"loc":{"start":{"line":18,"column":35},"end":{"line":26,"column":1}},"line":18}},"branchMap":{},"s":{"0":2,"1":2,"2":2,"3":2,"4":2,"5":2,"6":1,"7":1,"8":1,"9":1,"10":0,"11":2},"f":{"0":2,"1":1},"b":{},"_coverageSchema":"1a1c01bbd47fc00a2c39e90264f33305004495a9","hash":"082abf41e84aa02abdc9c88c709a4b105c10e334"}
}
