TN:
SF:src/server.js
FN:17,(anonymous_0)
FN:20,(anonymous_1)
FNF:2
FNH:1
FNDA:1,(anonymous_0)
FNDA:0,(anonymous_1)
DA:2,2
DA:3,2
DA:4,2
DA:5,2
DA:7,2
DA:8,2
DA:10,2
DA:11,2
DA:13,2
DA:14,2
DA:17,2
DA:19,2
DA:20,0
DA:23,2
LF:14
LH:13
BRDA:8,0,0,2
BRDA:8,0,1,2
BRDA:19,1,0,0
BRDA:19,1,1,2
BRF:4
BRH:3
end_of_record
TN:
SF:src/routes/health.js
FN:5,(anonymous_0)
FNF:1
FNH:1
FNDA:1,(anonymous_0)
DA:2,2
DA:3,2
DA:5,2
DA:6,1
DA:13,2
LF:5
LH:5
BRF:0
BRH:0
end_of_record
TN:
SF:src/routes/infrastructure.js
FN:6,(anonymous_0)
FN:18,(anonymous_1)
FNF:2
FNH:2
FNDA:2,(anonymous_0)
FNDA:1,(anonymous_1)
DA:2,2
DA:3,2
DA:4,2
DA:6,2
DA:7,2
DA:18,2
DA:19,1
DA:20,1
DA:21,1
DA:22,1
DA:24,0
DA:28,2
LF:12
LH:11
BRF:0
BRH:0
end_of_record
